<?xml version="1.0" encoding="UTF-8"?>
<testsuite name="com.kevin.demo.camel.simplefetch.route.FetchRouteTest" tests="1" skipped="0" failures="0" errors="0" timestamp="2017-08-21T18:34:40" hostname="kevin" time="0.528">
  <properties/>
  <testcase name="nominalTest" classname="com.kevin.demo.camel.simplefetch.route.FetchRouteTest" time="0.528"/>
  <system-out><![CDATA[<?xml version="1.0" encoding="UTF-8" standalone="yes"?>
<info whatever="11111-11111">
    <firstname>unit</firstname>
    <lastname>test</lastname>
    <birthdate>1997-01-01</birthdate>
    <email>unit-test@demo.ut</email>
</info>

hello]]></system-out>
  <system-err><![CDATA[SLF4J: Failed to load class "org.slf4j.impl.StaticLoggerBinder".
SLF4J: Defaulting to no-operation (NOP) logger implementation
SLF4J: See http://www.slf4j.org/codes.html#StaticLoggerBinder for further details.
]]></system-err>
</testsuite>
