<?xml version="1.0" encoding="UTF-8"?>
<testsuite name="com.kevin.demo.camel.simplefetch.processor.WorkerProcessorTest" tests="9" skipped="0" failures="0" errors="0" timestamp="2017-08-21T18:34:41" hostname="kevin" time="0.095">
  <properties/>
  <testcase name="testExchangeNominal" classname="com.kevin.demo.camel.simplefetch.processor.WorkerProcessorTest" time="0.072"/>
  <testcase name="testXmlParser" classname="com.kevin.demo.camel.simplefetch.processor.WorkerProcessorTest" time="0.007"/>
  <testcase name="testExchangeError" classname="com.kevin.demo.camel.simplefetch.processor.WorkerProcessorTest" time="0.004"/>
  <testcase name="testUserWithWrongLastNameFormat" classname="com.kevin.demo.camel.simplefetch.processor.WorkerProcessorTest" time="0.001"/>
  <testcase name="testUserWithWrongFirstNameFormat" classname="com.kevin.demo.camel.simplefetch.processor.WorkerProcessorTest" time="0.001"/>
  <testcase name="testUserWithUnderAgeUser" classname="com.kevin.demo.camel.simplefetch.processor.WorkerProcessorTest" time="0.003"/>
  <testcase name="testInvalidEmailUser" classname="com.kevin.demo.camel.simplefetch.processor.WorkerProcessorTest" time="0.0"/>
  <testcase name="testUserNominal" classname="com.kevin.demo.camel.simplefetch.processor.WorkerProcessorTest" time="0.005"/>
  <testcase name="testUserWithWrongBirthdateFormat" classname="com.kevin.demo.camel.simplefetch.processor.WorkerProcessorTest" time="0.0"/>
  <system-out><![CDATA[]]></system-out>
  <system-err><![CDATA[]]></system-err>
</testsuite>
